[2024-12-09 14:59:34] Executing bootstrap tasks
[2024-12-09 14:59:34] OpenJDK Runtime Environment 21.0.5+11-LTS
[2024-12-09 14:59:34] Product org.eclipse.products.epp.package.java.2024-12
[2024-12-09 14:59:34] Bundle org.eclipse.oomph.setup 1.30.0.v20241121-1452, build=956, branch=9492b73f886b51a7adb67340c1cb41103c54ac80
[2024-12-09 14:59:34] Bundle org.eclipse.oomph.setup.core 1.32.0.v20241021-1110, build=956, branch=9492b73f886b51a7adb67340c1cb41103c54ac80
[2024-12-09 14:59:34] Bundle org.eclipse.oomph.setup.p2 1.21.0.v20240420-0837, build=956, branch=9492b73f886b51a7adb67340c1cb41103c54ac80
[2024-12-09 14:59:34] Performing P2 Director (Eclipse IDE for Java Developers (2024-12))
[2024-12-09 14:59:34] Offline = false
[2024-12-09 14:59:34] Mirrors = true
[2024-12-09 14:59:34] Resolving 28 requirements from 3 repositories to D:\Java\eclipse
[2024-12-09 14:59:34] Requirement org.eclipse.equinox.p2.iu:epp.package.java [4.34.0,5.0.0) (filter=(|(&(osgi.arch=aarch64)(osgi.os=linux)(osgi.ws=gtk))(&(osgi.arch=aarch64)(osgi.os=macosx)(osgi.ws=cocoa))(&(osgi.arch=aarch64)(osgi.os=win32)(osgi.ws=win32))(&(osgi.arch=riscv64)(osgi.os=linux)(osgi.ws=gtk))(&(osgi.arch=x86_64)(osgi.os=linux)(osgi.ws=gtk))(&(osgi.arch=x86_64)(osgi.os=macosx)(osgi.ws=cocoa))(&(osgi.arch=x86_64)(osgi.os=win32)(osgi.ws=win32))))
[2024-12-09 14:59:34] Requirement org.eclipse.equinox.p2.iu:org.eclipse.platform.feature.group [4.34.0,5.0.0)
[2024-12-09 14:59:34] Requirement org.eclipse.equinox.p2.iu:org.eclipse.rcp.feature.group [4.34.0,5.0.0)
[2024-12-09 14:59:34] Requirement org.eclipse.equinox.p2.iu:org.eclipse.buildship.feature.group
[2024-12-09 14:59:34] Requirement org.eclipse.equinox.p2.iu:org.eclipse.eclemma.feature.feature.group
[2024-12-09 14:59:34] Requirement org.eclipse.equinox.p2.iu:org.eclipse.egit.feature.group
[2024-12-09 14:59:34] Requirement org.eclipse.equinox.p2.iu:org.eclipse.epp.mpc.feature.group
[2024-12-09 14:59:34] Requirement org.eclipse.equinox.p2.iu:org.eclipse.jdt.bcoview.feature.feature.group
[2024-12-09 14:59:34] Requirement org.eclipse.equinox.p2.iu:org.eclipse.jdt.feature.group
[2024-12-09 14:59:34] Requirement org.eclipse.equinox.p2.iu:org.eclipse.jgit.feature.group
[2024-12-09 14:59:34] Requirement org.eclipse.equinox.p2.iu:org.eclipse.m2e.feature.feature.group
[2024-12-09 14:59:34] Requirement org.eclipse.equinox.p2.iu:org.eclipse.m2e.lemminx.feature.feature.group
[2024-12-09 14:59:34] Requirement org.eclipse.equinox.p2.iu:org.eclipse.m2e.logback.feature.feature.group
[2024-12-09 14:59:34] Requirement org.eclipse.equinox.p2.iu:org.eclipse.mylyn.commons.activity.feature.feature.group
[2024-12-09 14:59:34] Requirement org.eclipse.equinox.p2.iu:org.eclipse.mylyn.egit.feature.feature.group
[2024-12-09 14:59:34] Requirement org.eclipse.equinox.p2.iu:org.eclipse.mylyn.git.feature.feature.group
[2024-12-09 14:59:34] Requirement org.eclipse.equinox.p2.iu:org.eclipse.mylyn.github.feature.feature.group
[2024-12-09 14:59:34] Requirement org.eclipse.equinox.p2.iu:org.eclipse.mylyn.ide.feature.feature.group
[2024-12-09 14:59:34] Requirement org.eclipse.equinox.p2.iu:org.eclipse.mylyn.jdt.feature.feature.group
[2024-12-09 14:59:34] Requirement org.eclipse.equinox.p2.iu:org.eclipse.mylyn.jenkins.feature.feature.group
[2024-12-09 14:59:34] Requirement org.eclipse.equinox.p2.iu:org.eclipse.mylyn.reviews.feature.feature.group
[2024-12-09 14:59:34] Requirement org.eclipse.equinox.p2.iu:org.eclipse.mylyn.wikitext.feature.feature.group
[2024-12-09 14:59:34] Requirement org.eclipse.equinox.p2.iu:org.eclipse.tips.feature.feature.group
[2024-12-09 14:59:34] Requirement org.eclipse.equinox.p2.iu:org.eclipse.tm.terminal.feature.feature.group
[2024-12-09 14:59:34] Requirement org.eclipse.equinox.p2.iu:org.eclipse.tm4e.feature.feature.group
[2024-12-09 14:59:34] Requirement org.eclipse.equinox.p2.iu:org.eclipse.tm4e.language_pack.feature.feature.group
[2024-12-09 14:59:34] Requirement org.eclipse.equinox.p2.iu:org.eclipse.wildwebdeveloper.xml.feature.feature.group
[2024-12-09 14:59:34] Requirement org.eclipse.equinox.p2.iu:org.eclipse.oomph.setup.feature.group
[2024-12-09 14:59:34] Repository https://download.eclipse.org/technology/epp/packages/2024-12/202411281200
[2024-12-09 14:59:34] Repository https://download.eclipse.org/releases/2024-12/202412041000
[2024-12-09 14:59:34] Repository https://download.eclipse.org/oomph/updates/milestone/latest
[2024-12-09 14:59:34] org.eclipse.oomph.util.IORuntimeException: java.io.FileNotFoundException: C:\Users\omeca\.p2\profiles.info.temp (Acesso negado)
  at org.eclipse.oomph.p2.internal.core.PersistentMap.save(PersistentMap.java:322)
  at org.eclipse.oomph.p2.internal.core.PersistentMap.addElement(PersistentMap.java:166)
  at org.eclipse.oomph.p2.internal.core.AgentImpl.createProfile(AgentImpl.java:526)
  at org.eclipse.oomph.p2.internal.core.BundlePoolImpl$1.doCreateProfile(BundlePoolImpl.java:216)
  at org.eclipse.oomph.p2.internal.core.ProfileCreatorImpl.create(ProfileCreatorImpl.java:445)
  at org.eclipse.oomph.setup.p2.impl.P2TaskImpl.getProfile(P2TaskImpl.java:1042)
  at org.eclipse.oomph.setup.p2.impl.P2TaskImpl.perform(P2TaskImpl.java:788)
  at org.eclipse.oomph.setup.internal.core.SetupTaskPerformer.doPerformNeededSetupTasks(SetupTaskPerformer.java:3869)
  at org.eclipse.oomph.setup.internal.core.SetupTaskPerformer.performNeededSetupTasks(SetupTaskPerformer.java:3797)
  at org.eclipse.oomph.setup.internal.core.SetupTaskPerformer.performTriggeredSetupTasks(SetupTaskPerformer.java:3778)
  at org.eclipse.oomph.setup.internal.core.SetupTaskPerformer.perform(SetupTaskPerformer.java:3656)
  at org.eclipse.oomph.setup.internal.installer.SimpleVariablePage.installPerform(SimpleVariablePage.java:1354)
  at org.eclipse.oomph.setup.internal.installer.SimpleVariablePage$20.run(SimpleVariablePage.java:1166)
Caused by: java.io.FileNotFoundException: C:\Users\omeca\.p2\profiles.info.temp (Acesso negado)
  at java.base/java.io.FileOutputStream.open0(Native Method)
  at java.base/java.io.FileOutputStream.open(Unknown Source)
  at java.base/java.io.FileOutputStream.<init>(Unknown Source)
  at java.base/java.io.FileOutputStream.<init>(Unknown Source)
  at java.base/java.io.FileWriter.<init>(Unknown Source)
  at org.eclipse.oomph.p2.internal.core.PersistentMap.save(PersistentMap.java:291)
  at org.eclipse.oomph.p2.internal.core.PersistentMap.addElement(PersistentMap.java:166)
  at org.eclipse.oomph.p2.internal.core.AgentImpl.createProfile(AgentImpl.java:526)
  at org.eclipse.oomph.p2.internal.core.BundlePoolImpl$1.doCreateProfile(BundlePoolImpl.java:216)
  at org.eclipse.oomph.p2.internal.core.ProfileCreatorImpl.create(ProfileCreatorImpl.java:445)
  at org.eclipse.oomph.setup.p2.impl.P2TaskImpl.getProfile(P2TaskImpl.java:1042)
  at org.eclipse.oomph.setup.p2.impl.P2TaskImpl.perform(P2TaskImpl.java:788)
  at org.eclipse.oomph.setup.internal.core.SetupTaskPerformer.doPerformNeededSetupTasks(SetupTaskPerformer.java:3869)
  at org.eclipse.oomph.setup.internal.core.SetupTaskPerformer.performNeededSetupTasks(SetupTaskPerformer.java:3797)
  at org.eclipse.oomph.setup.internal.core.SetupTaskPerformer.performTriggeredSetupTasks(SetupTaskPerformer.java:3778)
  at org.eclipse.oomph.setup.internal.core.SetupTaskPerformer.perform(SetupTaskPerformer.java:3656)
  at org.eclipse.oomph.setup.internal.installer.SimpleVariablePage.installPerform(SimpleVariablePage.java:1354)
  ... 1 more

[2024-12-09 14:59:34] 
